  Tests.cpp
     Creating library G:\Uni\Maths and Algorithms\UOSMathsAndAlgorithms271127\x64\Debug\Tests.lib and object G:\Uni\Maths and Algorithms\UOSMathsAndAlgorithms271127\x64\Debug\Tests.exp
Tests.obj : error LNK2019: unresolved external symbol "int * __cdecl Algorithms::BubbleSort(int *,unsigned __int64)" (?BubbleSort@Algorithms@@YAPEAHPEAH_K@Z) referenced in function "public: void __cdecl Tests::DataStructures::BubbleSortTest(void)" (?BubbleSortTest@DataStructures@Tests@@QEAAXXZ)
Tests.obj : error LNK2019: unresolved external symbol "int * __cdecl Algorithms::InsesrtionSort(int *,unsigned __int64)" (?InsesrtionSort@Algorithms@@YAPEAHPEAH_K@Z) referenced in function "public: void __cdecl Tests::DataStructures::InsertionSortTest(void)" (?InsertionSortTest@DataStructures@Tests@@QEAAXXZ)
Tests.obj : error LNK2019: unresolved external symbol "int * __cdecl Algorithms::SelectionSort(int *,unsigned __int64)" (?SelectionSort@Algorithms@@YAPEAHPEAH_K@Z) referenced in function "public: void __cdecl Tests::DataStructures::SelectionSortTest(void)" (?SelectionSortTest@DataStructures@Tests@@QEAAXXZ)
Tests.obj : error LNK2019: unresolved external symbol "int * __cdecl Algorithms::HeapSort(int *,unsigned __int64)" (?HeapSort@Algorithms@@YAPEAHPEAH_K@Z) referenced in function "public: void __cdecl Tests::DataStructures::HeapSortTest(void)" (?HeapSortTest@DataStructures@Tests@@QEAAXXZ)
Tests.obj : error LNK2019: unresolved external symbol "int * __cdecl Algorithms::MergeSort(int *,unsigned __int64)" (?MergeSort@Algorithms@@YAPEAHPEAH_K@Z) referenced in function "public: void __cdecl Tests::DataStructures::MergeSortTest(void)" (?MergeSortTest@DataStructures@Tests@@QEAAXXZ)
Tests.obj : error LNK2019: unresolved external symbol "int * __cdecl Algorithms::QuickSort(int *,unsigned __int64)" (?QuickSort@Algorithms@@YAPEAHPEAH_K@Z) referenced in function "public: void __cdecl Tests::DataStructures::QuickSortTest(void)" (?QuickSortTest@DataStructures@Tests@@QEAAXXZ)
Tests.obj : error LNK2019: unresolved external symbol "int * __cdecl Algorithms::BinSort(int *,unsigned __int64)" (?BinSort@Algorithms@@YAPEAHPEAH_K@Z) referenced in function "public: void __cdecl Tests::DataStructures::BinSortTest(void)" (?BinSortTest@DataStructures@Tests@@QEAAXXZ)
Tests.obj : error LNK2019: unresolved external symbol "int * __cdecl Algorithms::LinierSearch(int *,unsigned __int64,int)" (?LinierSearch@Algorithms@@YAPEAHPEAH_KH@Z) referenced in function "public: void __cdecl Tests::DataStructures::LinearSearchTest(void)" (?LinearSearchTest@DataStructures@Tests@@QEAAXXZ)
Tests.obj : error LNK2019: unresolved external symbol "int * __cdecl Algorithms::BinarySearch(int *,unsigned __int64,int)" (?BinarySearch@Algorithms@@YAPEAHPEAH_KH@Z) referenced in function "public: void __cdecl Tests::DataStructures::BinarySearchTest(void)" (?BinarySearchTest@DataStructures@Tests@@QEAAXXZ)
Tests.obj : error LNK2019: unresolved external symbol "float __cdecl MathUtils::toRad(float)" (?toRad@MathUtils@@YAMM@Z) referenced in function "public: void __cdecl Tests::Maths::DegToRadTest(void)" (?DegToRadTest@Maths@Tests@@QEAAXXZ)
Tests.obj : error LNK2019: unresolved external symbol "float __cdecl MathUtils::toDeg(float)" (?toDeg@MathUtils@@YAMM@Z) referenced in function "public: void __cdecl Tests::Maths::RadToDegTest(void)" (?RadToDegTest@Maths@Tests@@QEAAXXZ)
Tests.obj : error LNK2019: unresolved external symbol "float __cdecl MathUtils::Pythagoras(float,float)" (?Pythagoras@MathUtils@@YAMMM@Z) referenced in function "public: void __cdecl Tests::Maths::PythagorasTest(void)" (?PythagorasTest@Maths@Tests@@QEAAXXZ)
Tests.obj : error LNK2019: unresolved external symbol "float __cdecl MathUtils::FindSinTheta(float,float)" (?FindSinTheta@MathUtils@@YAMMM@Z) referenced in function "public: void __cdecl Tests::Maths::FindSinThetaTest(void)" (?FindSinThetaTest@Maths@Tests@@QEAAXXZ)
Tests.obj : error LNK2019: unresolved external symbol "float __cdecl MathUtils::FindCosTheta(float,float)" (?FindCosTheta@MathUtils@@YAMMM@Z) referenced in function "public: void __cdecl Tests::Maths::FindCosThetaTest(void)" (?FindCosThetaTest@Maths@Tests@@QEAAXXZ)
Tests.obj : error LNK2019: unresolved external symbol "float __cdecl MathUtils::FindTanTheta(float,float)" (?FindTanTheta@MathUtils@@YAMMM@Z) referenced in function "public: void __cdecl Tests::Maths::FindTanThetaTest(void)" (?FindTanThetaTest@Maths@Tests@@QEAAXXZ)
Tests.obj : error LNK2019: unresolved external symbol "float __cdecl MathUtils::FindHyp(float,float)" (?FindHyp@MathUtils@@YAMMM@Z) referenced in function "public: void __cdecl Tests::Maths::FindHypTest(void)" (?FindHypTest@Maths@Tests@@QEAAXXZ)
Tests.obj : error LNK2019: unresolved external symbol "float __cdecl MathUtils::FindOpp(float,float)" (?FindOpp@MathUtils@@YAMMM@Z) referenced in function "public: void __cdecl Tests::Maths::FindOppTest(void)" (?FindOppTest@Maths@Tests@@QEAAXXZ)
Tests.obj : error LNK2019: unresolved external symbol "float __cdecl MathUtils::FindAdj(float,float)" (?FindAdj@MathUtils@@YAMMM@Z) referenced in function "public: void __cdecl Tests::Maths::FindAdjTest(void)" (?FindAdjTest@Maths@Tests@@QEAAXXZ)
Tests.obj : error LNK2019: unresolved external symbol "public: float __cdecl Vector::Magnitude(void)" (?Magnitude@Vector@@QEAAMXZ) referenced in function "public: void __cdecl Tests::Vectors::MagnitudeTest(void)" (?MagnitudeTest@Vectors@Tests@@QEAAXXZ)
Tests.obj : error LNK2019: unresolved external symbol "public: void __cdecl Vector::Normalise(void)" (?Normalise@Vector@@QEAAXXZ) referenced in function "public: void __cdecl Tests::Vectors::NormaliseTest(void)" (?NormaliseTest@Vectors@Tests@@QEAAXXZ)
Tests.obj : error LNK2019: unresolved external symbol "public: void __cdecl Vector::Scale(float)" (?Scale@Vector@@QEAAXM@Z) referenced in function "public: void __cdecl Tests::Vectors::ScaleTest(void)" (?ScaleTest@Vectors@Tests@@QEAAXXZ)
Tests.obj : error LNK2019: unresolved external symbol "public: float __cdecl Vector::Dot(class Vector &)" (?Dot@Vector@@QEAAMAEAV1@@Z) referenced in function "public: void __cdecl Tests::Vectors::DotProductTest(void)" (?DotProductTest@Vectors@Tests@@QEAAXXZ)
Tests.obj : error LNK2019: unresolved external symbol "public: class Vector __cdecl Vector::Cross(class Vector &)" (?Cross@Vector@@QEAA?AV1@AEAV1@@Z) referenced in function "public: void __cdecl Tests::Vectors::CrossProductTest(void)" (?CrossProductTest@Vectors@Tests@@QEAAXXZ)
G:\Uni\Maths and Algorithms\UOSMathsAndAlgorithms271127\x64\Debug\Tests.dll : fatal error LNK1120: 23 unresolved externals
